

*******************************************************************************
Tue Mar 19 21:51:40 2019


FIT:    data read from "ba2-a2.txt" u 1:3
        format = x:z
        #datapoints = 180
        residuals are weighted equally (unit weight)

function used for fitting: f(x)
fitted parameters initialized with current variable values



 Iteration 0
 WSSR        : 0.007525          delta(WSSR)/WSSR   : 0
 delta(WSSR) : 0                 limit for stopping : 1e-05
 lambda	  : 814.091

initial set of free parameter values

gamma           = 2.67e-05
N0              = 0.1
t0              = 0.005

After 10 iterations the fit converged.
final sum of squares of residuals : 0.000889188
rel. change during last iteration : -4.93895e-08

degrees of freedom    (FIT_NDF)                        : 177
rms of residuals      (FIT_STDFIT) = sqrt(WSSR/ndf)    : 0.00224135
variance of residuals (reduced chisquare) = WSSR/ndf   : 5.02366e-06

Final set of parameters            Asymptotic Standard Error
=======================            ==========================

gamma           = 2.75375e-05      +/- 1.482e-07    (0.5383%)
N0              = 1.24499          +/- 0.07502      (6.026%)
t0              = -0.00101176      +/- 0.0001693    (16.73%)


correlation matrix of the fit parameters:

               gamma  N0     t0     
gamma           1.000 
N0              0.543  1.000 
t0             -0.158 -0.053  1.000 


*******************************************************************************
Tue Mar 19 21:53:23 2019


FIT:    data read from "ba2-a2s.txt" u 1:3
        format = x:z
        #datapoints = 180
        residuals are weighted equally (unit weight)

function used for fitting: f(x)
fitted parameters initialized with current variable values



 Iteration 0
 WSSR        : 0.000889188       delta(WSSR)/WSSR   : 0
 delta(WSSR) : 0                 limit for stopping : 1e-05
 lambda	  : 784.438

initial set of free parameter values

gamma           = 2.75375e-05
N0              = 1.24499
t0              = -0.00101176

After 1 iterations the fit converged.
final sum of squares of residuals : 0.000889188
rel. change during last iteration : -1.26614e-12

degrees of freedom    (FIT_NDF)                        : 177
rms of residuals      (FIT_STDFIT) = sqrt(WSSR/ndf)    : 0.00224135
variance of residuals (reduced chisquare) = WSSR/ndf   : 5.02366e-06

Final set of parameters            Asymptotic Standard Error
=======================            ==========================

gamma           = 2.75375e-05      +/- 1.482e-07    (0.5383%)
N0              = 1.24499          +/- 0.07502      (6.026%)
t0              = -0.00101176      +/- 0.0001693    (16.73%)


correlation matrix of the fit parameters:

               gamma  N0     t0     
gamma           1.000 
N0              0.543  1.000 
t0             -0.158 -0.053  1.000 


*******************************************************************************
Tue Mar 19 21:53:45 2019


FIT:    data read from "ba2-a2s.txt" u 1:3
        format = x:z
        #datapoints = 180
        residuals are weighted equally (unit weight)

function used for fitting: f(x)
fitted parameters initialized with current variable values



 Iteration 0
 WSSR        : 0.00106186        delta(WSSR)/WSSR   : 0
 delta(WSSR) : 0                 limit for stopping : 1e-05
 lambda	  : 808.043

initial set of free parameter values

gamma           = 2.67e-05
N0              = 0.5
t0              = -0.00101176

After 9 iterations the fit converged.
final sum of squares of residuals : 0.000889188
rel. change during last iteration : -2.48432e-08

degrees of freedom    (FIT_NDF)                        : 177
rms of residuals      (FIT_STDFIT) = sqrt(WSSR/ndf)    : 0.00224135
variance of residuals (reduced chisquare) = WSSR/ndf   : 5.02366e-06

Final set of parameters            Asymptotic Standard Error
=======================            ==========================

gamma           = 2.75375e-05      +/- 1.482e-07    (0.5383%)
N0              = 1.24499          +/- 0.07502      (6.026%)
t0              = -0.00101176      +/- 0.0001693    (16.73%)


correlation matrix of the fit parameters:

               gamma  N0     t0     
gamma           1.000 
N0              0.543  1.000 
t0             -0.158 -0.053  1.000 


*******************************************************************************
Tue Mar 19 21:56:30 2019


FIT:    data read from "ba2-a2s.txt" u 1:3
        format = x:z
        #datapoints = 180
        residuals are weighted equally (unit weight)

function used for fitting: f(x)
fitted parameters initialized with current variable values



 Iteration 0
 WSSR        : 0.00149737        delta(WSSR)/WSSR   : 0
 delta(WSSR) : 0                 limit for stopping : 1e-05
 lambda	  : 815.601

initial set of free parameter values

gamma           = 2.67e-05
N0              = 1e-30
t0              = -0.00101176

After 5 iterations the fit converged.
final sum of squares of residuals : 0.00141407
rel. change during last iteration : -8.90022e-09

degrees of freedom    (FIT_NDF)                        : 177
rms of residuals      (FIT_STDFIT) = sqrt(WSSR/ndf)    : 0.0028265
variance of residuals (reduced chisquare) = WSSR/ndf   : 7.98909e-06

BREAK:          Singular matrix in Invert_RtR



*******************************************************************************
Tue Mar 19 21:56:42 2019


FIT:    data read from "ba2-a2s.txt" u 1:3
        format = x:z
        #datapoints = 180
        residuals are weighted equally (unit weight)

function used for fitting: f(x)
fitted parameters initialized with current variable values



 Iteration 0
 WSSR        : 0.00132404        delta(WSSR)/WSSR   : 0
 delta(WSSR) : 0                 limit for stopping : 1e-05
 lambda	  : 821.397

initial set of free parameter values

gamma           = 2.62297e-05
N0              = 0.1
t0              = -0.000746682

After 2 iterations the fit converged.
final sum of squares of residuals : 0.00132037
rel. change during last iteration : -3.74393e-06

degrees of freedom    (FIT_NDF)                        : 177
rms of residuals      (FIT_STDFIT) = sqrt(WSSR/ndf)    : 0.00273125
variance of residuals (reduced chisquare) = WSSR/ndf   : 7.45972e-06

Final set of parameters            Asymptotic Standard Error
=======================            ==========================

gamma           = 2.63301e-05      +/- 1.795e-07    (0.6818%)
N0              = 0.1              +/- 0.1049       (104.9%)
t0              = -0.000747284     +/- 0.0002076    (27.78%)


correlation matrix of the fit parameters:

               gamma  N0     t0     
gamma           1.000 
N0              0.589  1.000 
t0             -0.195 -0.126  1.000 


*******************************************************************************
Tue Mar 19 21:57:22 2019


FIT:    data read from "ba2-a2s.txt" u 1:3
        format = x:z
        #datapoints = 180
        residuals are weighted equally (unit weight)

function used for fitting: f(x)
fitted parameters initialized with current variable values



 Iteration 0
 WSSR        : 0.00111777        delta(WSSR)/WSSR   : 0
 delta(WSSR) : 0                 limit for stopping : 1e-05
 lambda	  : 813.73

initial set of free parameter values

gamma           = 2.63301e-05
N0              = 0.5
t0              = -0.000747284

After 9 iterations the fit converged.
final sum of squares of residuals : 0.000889188
rel. change during last iteration : -2.43507e-08

degrees of freedom    (FIT_NDF)                        : 177
rms of residuals      (FIT_STDFIT) = sqrt(WSSR/ndf)    : 0.00224135
variance of residuals (reduced chisquare) = WSSR/ndf   : 5.02366e-06

Final set of parameters            Asymptotic Standard Error
=======================            ==========================

gamma           = 2.75375e-05      +/- 1.482e-07    (0.5383%)
N0              = 1.24499          +/- 0.07502      (6.026%)
t0              = -0.00101176      +/- 0.0001693    (16.73%)


correlation matrix of the fit parameters:

               gamma  N0     t0     
gamma           1.000 
N0              0.543  1.000 
t0             -0.158 -0.053  1.000 


*******************************************************************************
Wed Mar 20 12:11:46 2019


FIT:    data read from "aqs/ba2a2s.txt" u 1:3
        format = x:z
        #datapoints = 180
        residuals are weighted equally (unit weight)

function used for fitting: f(x)
fitted parameters initialized with current variable values



 Iteration 0
 WSSR        : 0.000357338       delta(WSSR)/WSSR   : 0
 delta(WSSR) : 0                 limit for stopping : 1e-05
 lambda	  : 809.133

initial set of free parameter values

gamma           = 2.66737e-05
N0              = 0.3959
t0              = 4.3009e-05

After 8 iterations the fit converged.
final sum of squares of residuals : 0.000133419
rel. change during last iteration : -1.08337e-09

degrees of freedom    (FIT_NDF)                        : 177
rms of residuals      (FIT_STDFIT) = sqrt(WSSR/ndf)    : 0.000868204
variance of residuals (reduced chisquare) = WSSR/ndf   : 7.53779e-07

Final set of parameters            Asymptotic Standard Error
=======================            ==========================

gamma           = 2.71043e-05      +/- 6.078e-08    (0.2242%)
N0              = 0.896967         +/- 0.03649      (4.069%)
t0              = 0.000434597      +/- 6.54e-05     (15.05%)


correlation matrix of the fit parameters:

               gamma  N0     t0     
gamma           1.000 
N0              0.625  1.000 
t0             -0.138 -0.053  1.000 
