

*******************************************************************************
Tue Mar  5 14:38:47 2019


FIT:    data read from "subtracted_bkg_test.txt" u 1:3
        format = x:z
        #datapoints = 51
        residuals are weighted equally (unit weight)

function used for fitting: f(x)
fitted parameters initialized with current variable values



 Iteration 0
 WSSR        : 24.4139           delta(WSSR)/WSSR   : 0
 delta(WSSR) : 0                 limit for stopping : 1e-05
 lambda	  : 0.427563

initial set of free parameter values

n               = 1.47
N_0             = 1e-30
t0              = 1e-30

After 3 iterations the fit converged.
final sum of squares of residuals : 0.00539198
rel. change during last iteration : -3.85124e-08

degrees of freedom    (FIT_NDF)                        : 48
rms of residuals      (FIT_STDFIT) = sqrt(WSSR/ndf)    : 0.0105987
variance of residuals (reduced chisquare) = WSSR/ndf   : 0.000112333

BREAK:          Singular matrix in Invert_RtR



*******************************************************************************
Tue Mar  5 14:39:05 2019


FIT:    data read from "subtracted_bkg_test.txt" u 1:3
        format = x:z
        #datapoints = 51
        residuals are weighted equally (unit weight)

function used for fitting: f(x)
fitted parameters initialized with current variable values



 Iteration 0
 WSSR        : 0.00539214        delta(WSSR)/WSSR   : 0
 delta(WSSR) : 0                 limit for stopping : 1e-05
 lambda	  : 0.5

initial set of free parameter values

n               = 2.3981
N_0             = 1e-30
t0              = -0.0563519
gamma           = 2.67e-05

After 2 iterations the fit converged.
final sum of squares of residuals : 0.00539198
rel. change during last iteration : -7.13286e-10

degrees of freedom    (FIT_NDF)                        : 47
rms of residuals      (FIT_STDFIT) = sqrt(WSSR/ndf)    : 0.0107109
variance of residuals (reduced chisquare) = WSSR/ndf   : 0.000114723

BREAK:          Singular matrix in Invert_RtR



*******************************************************************************
Tue Mar  5 14:39:52 2019


FIT:    data read from "subtracted_bkg_test.txt" u 1:3
        format = x:z
        #datapoints = 51
        residuals are weighted equally (unit weight)

function used for fitting: f(x)
fitted parameters initialized with current variable values



 Iteration 0
 WSSR        : 32.5335           delta(WSSR)/WSSR   : 0
 delta(WSSR) : 0                 limit for stopping : 1e-05
 lambda	  : 64.1947

initial set of free parameter values

n               = 1.4
N_0             = 1e-30
t0              = -0.0562957
gamma           = 2.67267e-05

After 5 iterations the fit converged.
final sum of squares of residuals : 0.00539198
rel. change during last iteration : -8.35177e-12

degrees of freedom    (FIT_NDF)                        : 47
rms of residuals      (FIT_STDFIT) = sqrt(WSSR/ndf)    : 0.0107109
variance of residuals (reduced chisquare) = WSSR/ndf   : 0.000114723

BREAK:          Singular matrix in Invert_RtR



*******************************************************************************
Tue Mar  5 14:47:34 2019


FIT:    data read from "bkg_auto_1.txt" u 1:3
        format = x:z
        #datapoints = 158
        residuals are weighted equally (unit weight)

function used for fitting: f(x)
fitted parameters initialized with current variable values



 Iteration 0
 WSSR        : 498.258           delta(WSSR)/WSSR   : 0
 delta(WSSR) : 0                 limit for stopping : 1e-05
 lambda	  : 90.5969

initial set of free parameter values

n               = 1.40381
N_0             = 1e-30
t0              = -0.0562957
gamma           = -0.00761

After 1 iterations the fit converged.
final sum of squares of residuals : 498.254
rel. change during last iteration : -7.6595e-06

degrees of freedom    (FIT_NDF)                        : 154
rms of residuals      (FIT_STDFIT) = sqrt(WSSR/ndf)    : 1.79873
variance of residuals (reduced chisquare) = WSSR/ndf   : 3.23542

BREAK:          Singular matrix in Invert_RtR



*******************************************************************************
Tue Mar  5 14:48:12 2019


FIT:    data read from "bkg_auto_1.txt" u 1:3
        format = x:z
        #datapoints = 158
        residuals are weighted equally (unit weight)

function used for fitting: f(x)
fitted parameters initialized with current variable values



 Iteration 0
 WSSR        : 81.8883           delta(WSSR)/WSSR   : 0
 delta(WSSR) : 0                 limit for stopping : 1e-05
 lambda	  : 96.7853

initial set of free parameter values

n               = 1.40389
N_0             = 1e-30
t0              = -0.0562948
gamma           = 3.4e-05

After 5 iterations the fit converged.
final sum of squares of residuals : 1.28946
rel. change during last iteration : -4.45428e-12

degrees of freedom    (FIT_NDF)                        : 154
rms of residuals      (FIT_STDFIT) = sqrt(WSSR/ndf)    : 0.0915048
variance of residuals (reduced chisquare) = WSSR/ndf   : 0.00837313

BREAK:          Singular matrix in Invert_RtR



*******************************************************************************
Tue Mar  5 14:48:46 2019


FIT:    data read from "GIMLI_BKG_centered_mc.txt" u 1:3
        format = x:z
        #datapoints = 188
        residuals are weighted equally (unit weight)

function used for fitting: f(x)
fitted parameters initialized with current variable values



 Iteration 0
 WSSR        : 1.91336           delta(WSSR)/WSSR   : 0
 delta(WSSR) : 0                 limit for stopping : 1e-05
 lambda	  : 0.5

initial set of free parameter values

n               = 2.28249
N_0             = 1e-30
t0              = -0.0167988
gamma           = 3.4e-05

After 2 iterations the fit converged.
final sum of squares of residuals : 1.8495
rel. change during last iteration : -6.08941e-08

degrees of freedom    (FIT_NDF)                        : 184
rms of residuals      (FIT_STDFIT) = sqrt(WSSR/ndf)    : 0.100258
variance of residuals (reduced chisquare) = WSSR/ndf   : 0.0100516

BREAK:          Singular matrix in Invert_RtR



*******************************************************************************
Tue Mar  5 14:49:27 2019


FIT:    data read from "GIMLI_BKG_centered_mc.txt" u 1:3
        format = x:z
        #datapoints = 188
        residuals are weighted equally (unit weight)

function used for fitting: f(x)
fitted parameters initialized with current variable values



 Iteration 0
 WSSR        : 76.0057           delta(WSSR)/WSSR   : 0
 delta(WSSR) : 0                 limit for stopping : 1e-05
 lambda	  : 100.904

initial set of free parameter values

n               = 1.5
N_0             = 1e-30
t0              = 0.00163144
gamma           = 3.4034e-05

After 4 iterations the fit converged.
final sum of squares of residuals : 1.8495
rel. change during last iteration : -4.74344e-13

degrees of freedom    (FIT_NDF)                        : 184
rms of residuals      (FIT_STDFIT) = sqrt(WSSR/ndf)    : 0.100258
variance of residuals (reduced chisquare) = WSSR/ndf   : 0.0100516

BREAK:          Singular matrix in Invert_RtR



*******************************************************************************
Tue Mar  5 14:49:40 2019


FIT:    data read from "GIMLI_BKG_centered_mc.txt" u 1:3
        format = x:z
        #datapoints = 188
        residuals are weighted equally (unit weight)

function used for fitting: f(x)
fitted parameters initialized with current variable values



 Iteration 0
 WSSR        : 48.9318           delta(WSSR)/WSSR   : 0
 delta(WSSR) : 0                 limit for stopping : 1e-05
 lambda	  : 0.688407

initial set of free parameter values

n               = 1.5
N_0             = 1e-30
t0              = 0.00163144

After 3 iterations the fit converged.
final sum of squares of residuals : 1.8495
rel. change during last iteration : -1.40466e-14

degrees of freedom    (FIT_NDF)                        : 185
rms of residuals      (FIT_STDFIT) = sqrt(WSSR/ndf)    : 0.0999865
variance of residuals (reduced chisquare) = WSSR/ndf   : 0.00999729

BREAK:          Singular matrix in Invert_RtR



*******************************************************************************
Tue Mar  5 14:51:00 2019


FIT:    data read from "GIMLI_BKG_centered_mc.txt" u 1:3
        format = x:z
        #datapoints = 188
        residuals are weighted equally (unit weight)

function used for fitting: f(x)
fitted parameters initialized with current variable values



 Iteration 0
 WSSR        : 76.0655           delta(WSSR)/WSSR   : 0
 delta(WSSR) : 0                 limit for stopping : 1e-05
 lambda	  : 0.725523

initial set of free parameter values

n               = 1.5
N_0             = 1e-30
t0              = 0.00163307

After 3 iterations the fit converged.
final sum of squares of residuals : 1.8495
rel. change during last iteration : -8.78815e-14

degrees of freedom    (FIT_NDF)                        : 185
rms of residuals      (FIT_STDFIT) = sqrt(WSSR/ndf)    : 0.0999865
variance of residuals (reduced chisquare) = WSSR/ndf   : 0.00999729

BREAK:          Singular matrix in Invert_RtR

